c:\users\4whom\source\repos\mycad\mycad\x64\debug\main.obj
c:\users\4whom\source\repos\mycad\mycad\x64\debug\cube.obj
c:\users\4whom\source\repos\mycad\mycad\x64\debug\mycad.obj
c:\users\4whom\source\repos\mycad\mycad\x64\debug\vc142.pdb
c:\users\4whom\source\repos\mycad\mycad\x64\debug\moc_cube.obj
c:\users\4whom\source\repos\mycad\mycad\x64\debug\qrc_mycad.obj
c:\users\4whom\source\repos\mycad\mycad\x64\debug\moc_mycad.obj
c:\users\4whom\source\repos\mycad\mycad\x64\debug\moc\moc_mycad.cpp
c:\users\4whom\source\repos\mycad\mycad\x64\debug\moc\moc_cube.cpp
c:\users\4whom\source\repos\mycad\mycad\x64\debug\uic\ui_mycad.h
c:\users\4whom\source\repos\mycad\mycad\x64\debug\rcc\qrc_mycad.cpp
c:\users\4whom\source\repos\mycad\x64\debug\mycad.pdb
c:\users\4whom\source\repos\mycad\mycad\x64\debug\mycad.tlog\cl.1128.write.1.tlog
c:\users\4whom\source\repos\mycad\mycad\x64\debug\mycad.tlog\cl.command.1.tlog
c:\users\4whom\source\repos\mycad\mycad\x64\debug\mycad.tlog\cl.read.1.tlog
c:\users\4whom\source\repos\mycad\mycad\x64\debug\mycad.tlog\link-cvtres.read.1.tlog
c:\users\4whom\source\repos\mycad\mycad\x64\debug\mycad.tlog\link-cvtres.write.1.tlog
c:\users\4whom\source\repos\mycad\mycad\x64\debug\mycad.tlog\link-rc.read.1.tlog
c:\users\4whom\source\repos\mycad\mycad\x64\debug\mycad.tlog\link-rc.write.1.tlog
c:\users\4whom\source\repos\mycad\mycad\x64\debug\mycad.tlog\link.command.1.tlog
c:\users\4whom\source\repos\mycad\mycad\x64\debug\mycad.tlog\link.delete.1.tlog
c:\users\4whom\source\repos\mycad\mycad\x64\debug\mycad.tlog\link.read.1.tlog
c:\users\4whom\source\repos\mycad\mycad\x64\debug\mycad.tlog\link.write.1.tlog
c:\users\4whom\source\repos\mycad\mycad\x64\debug\mycad.tlog\moc.read.1u.tlog
c:\users\4whom\source\repos\mycad\mycad\x64\debug\mycad.tlog\moc.write.1u.tlog
c:\users\4whom\source\repos\mycad\mycad\x64\debug\mycad.tlog\mycad.write.1u.tlog
c:\users\4whom\source\repos\mycad\mycad\x64\debug\mycad.tlog\rcc.read.1u.tlog
c:\users\4whom\source\repos\mycad\mycad\x64\debug\mycad.tlog\rcc.write.1u.tlog
c:\users\4whom\source\repos\mycad\mycad\x64\debug\mycad.tlog\uic.read.1u.tlog
c:\users\4whom\source\repos\mycad\mycad\x64\debug\mycad.tlog\uic.write.1u.tlog
